<?xml version="1.0" encoding="UTF-8"?>
<!-- Generated by org.testng.reporters.JUnitReportReporter -->
<testsuite hostname="LAPTOP-93ECPB46" failures="0" tests="1" name="com.automation.testcases.LaunchTestWego" time="0.423" errors="0" timestamp="2022-07-26T14:42:12 IST" skipped="0">
  <testcase classname="com.automation.testcases.LaunchTestWego" name="validatePage" time="0.423"/>
  <system-out/>
</testsuite> <!-- com.automation.testcases.LaunchTestWego -->
