<?xml version="1.0" encoding="UTF-8"?>
<!-- Generated by org.testng.reporters.JUnitReportReporter -->
<testsuite hostname="LAPTOP-93ECPB46" failures="0" tests="1" name="com.automation.testcases.LoginTestWego" time="0.061" errors="0" timestamp="2022-07-25T22:06:38 IST" skipped="0">
  <testcase classname="com.automation.testcases.LoginTestWego" name="loginApp" time="0.061"/>
  <system-out/>
</testsuite> <!-- com.automation.testcases.LoginTestWego -->
